2019-12-10 09:03:30.724 [restartedMain] INFO  com.submit.WorkuploadApplication - Starting WorkuploadApplication on Tarena-PC with PID 7996 (E:\workupload\target\classes started by Tarena in E:\workupload)
2019-12-10 09:03:30.751 [restartedMain] INFO  com.submit.WorkuploadApplication - The following profiles are active: upload
2019-12-10 09:03:31.459 [restartedMain] INFO  o.s.b.d.env.DevToolsPropertyDefaultsPostProcessor - Devtools property defaults active! Set 'spring.devtools.add-properties' to 'false' to disable
2019-12-10 09:03:31.460 [restartedMain] INFO  o.s.b.d.env.DevToolsPropertyDefaultsPostProcessor - For additional web related logging consider setting the 'logging.level.web' property to 'DEBUG'
2019-12-10 09:03:43.148 [restartedMain] INFO  o.s.c.s.PostProcessorRegistrationDelegate$BeanPostProcessorChecker - Bean 'shiroConfig' of type [com.submit.config.ShiroConfig$$EnhancerBySpringCGLIB$$ccf8f2af] is not eligible for getting processed by all BeanPostProcessors (for example: not eligible for auto-proxying)
2019-12-10 09:03:43.162 [restartedMain] INFO  o.s.c.s.PostProcessorRegistrationDelegate$BeanPostProcessorChecker - Bean 'org.springframework.transaction.annotation.ProxyTransactionManagementConfiguration' of type [org.springframework.transaction.annotation.ProxyTransactionManagementConfiguration$$EnhancerBySpringCGLIB$$40e76e1a] is not eligible for getting processed by all BeanPostProcessors (for example: not eligible for auto-proxying)
2019-12-10 09:03:43.446 [restartedMain] INFO  o.s.c.s.PostProcessorRegistrationDelegate$BeanPostProcessorChecker - Bean 'mybatis-org.mybatis.spring.boot.autoconfigure.MybatisProperties' of type [org.mybatis.spring.boot.autoconfigure.MybatisProperties] is not eligible for getting processed by all BeanPostProcessors (for example: not eligible for auto-proxying)
2019-12-10 09:03:43.452 [restartedMain] INFO  o.s.c.s.PostProcessorRegistrationDelegate$BeanPostProcessorChecker - Bean 'org.mybatis.spring.boot.autoconfigure.MybatisAutoConfiguration' of type [org.mybatis.spring.boot.autoconfigure.MybatisAutoConfiguration$$EnhancerBySpringCGLIB$$73bbbf4a] is not eligible for getting processed by all BeanPostProcessors (for example: not eligible for auto-proxying)
2019-12-10 09:03:43.527 [restartedMain] INFO  o.s.c.s.PostProcessorRegistrationDelegate$BeanPostProcessorChecker - Bean 'druidConfig' of type [com.submit.config.DruidConfig$$EnhancerBySpringCGLIB$$219f5620] is not eligible for getting processed by all BeanPostProcessors (for example: not eligible for auto-proxying)
2019-12-10 09:03:45.420 [restartedMain] INFO  o.s.c.s.PostProcessorRegistrationDelegate$BeanPostProcessorChecker - Bean 'dataSource' of type [com.alibaba.druid.pool.DruidDataSource] is not eligible for getting processed by all BeanPostProcessors (for example: not eligible for auto-proxying)
2019-12-10 09:03:45.471 [restartedMain] INFO  o.s.c.s.PostProcessorRegistrationDelegate$BeanPostProcessorChecker - Bean 'spring.datasource-org.springframework.boot.autoconfigure.jdbc.DataSourceProperties' of type [org.springframework.boot.autoconfigure.jdbc.DataSourceProperties] is not eligible for getting processed by all BeanPostProcessors (for example: not eligible for auto-proxying)
2019-12-10 09:03:45.499 [restartedMain] INFO  o.s.c.s.PostProcessorRegistrationDelegate$BeanPostProcessorChecker - Bean 'org.springframework.boot.autoconfigure.jdbc.DataSourceInitializerInvoker' of type [org.springframework.boot.autoconfigure.jdbc.DataSourceInitializerInvoker] is not eligible for getting processed by all BeanPostProcessors (for example: not eligible for auto-proxying)
2019-12-10 09:03:47.141 [restartedMain] INFO  o.s.c.s.PostProcessorRegistrationDelegate$BeanPostProcessorChecker - Bean 'sqlSessionFactory' of type [org.apache.ibatis.session.defaults.DefaultSqlSessionFactory] is not eligible for getting processed by all BeanPostProcessors (for example: not eligible for auto-proxying)
2019-12-10 09:03:47.179 [restartedMain] INFO  o.s.c.s.PostProcessorRegistrationDelegate$BeanPostProcessorChecker - Bean 'sqlSessionTemplate' of type [org.mybatis.spring.SqlSessionTemplate] is not eligible for getting processed by all BeanPostProcessors (for example: not eligible for auto-proxying)
2019-12-10 09:03:47.180 [restartedMain] INFO  o.s.c.s.PostProcessorRegistrationDelegate$BeanPostProcessorChecker - Bean 'studentMapper' of type [org.mybatis.spring.mapper.MapperFactoryBean] is not eligible for getting processed by all BeanPostProcessors (for example: not eligible for auto-proxying)
2019-12-10 09:03:47.181 [restartedMain] INFO  o.s.c.s.PostProcessorRegistrationDelegate$BeanPostProcessorChecker - Bean 'studentMapper' of type [com.sun.proxy.$Proxy63] is not eligible for getting processed by all BeanPostProcessors (for example: not eligible for auto-proxying)
2019-12-10 09:03:47.184 [restartedMain] INFO  o.s.c.s.PostProcessorRegistrationDelegate$BeanPostProcessorChecker - Bean 'teacherMapper' of type [org.mybatis.spring.mapper.MapperFactoryBean] is not eligible for getting processed by all BeanPostProcessors (for example: not eligible for auto-proxying)
2019-12-10 09:03:47.184 [restartedMain] INFO  o.s.c.s.PostProcessorRegistrationDelegate$BeanPostProcessorChecker - Bean 'teacherMapper' of type [com.sun.proxy.$Proxy65] is not eligible for getting processed by all BeanPostProcessors (for example: not eligible for auto-proxying)
2019-12-10 09:03:47.185 [restartedMain] INFO  o.s.c.s.PostProcessorRegistrationDelegate$BeanPostProcessorChecker - Bean 'userRealm' of type [com.submit.config.UserRealm] is not eligible for getting processed by all BeanPostProcessors (for example: not eligible for auto-proxying)
2019-12-10 09:03:49.494 [restartedMain] INFO  o.s.c.s.PostProcessorRegistrationDelegate$BeanPostProcessorChecker - Bean 'securityManager' of type [org.apache.shiro.web.mgt.DefaultWebSecurityManager] is not eligible for getting processed by all BeanPostProcessors (for example: not eligible for auto-proxying)
2019-12-10 09:03:52.346 [restartedMain] INFO  o.s.boot.web.embedded.tomcat.TomcatWebServer - Tomcat initialized with port(s): 8080 (http)
2019-12-10 09:03:52.522 [restartedMain] INFO  org.apache.coyote.http11.Http11NioProtocol - Initializing ProtocolHandler ["http-nio-8080"]
2019-12-10 09:03:52.618 [restartedMain] INFO  org.apache.catalina.core.StandardService - Starting service [Tomcat]
2019-12-10 09:03:52.619 [restartedMain] INFO  org.apache.catalina.core.StandardEngine - Starting Servlet engine: [Apache Tomcat/9.0.17]
2019-12-10 09:03:53.252 [restartedMain] INFO  o.a.c.core.ContainerBase.[Tomcat].[localhost].[/] - Initializing Spring embedded WebApplicationContext
2019-12-10 09:03:53.252 [restartedMain] INFO  org.springframework.web.context.ContextLoader - Root WebApplicationContext: initialization completed in 21792 ms
2019-12-10 09:03:55.037 [restartedMain] INFO  o.s.scheduling.concurrent.ThreadPoolTaskExecutor - Initializing ExecutorService 'applicationTaskExecutor'
2019-12-10 09:03:56.914 [restartedMain] INFO  o.s.b.a.web.servlet.WelcomePageHandlerMapping - Adding welcome page: class path resource [static/index.html]
2019-12-10 09:03:57.559 [restartedMain] INFO  o.s.b.d.autoconfigure.OptionalLiveReloadServer - LiveReload server is running on port 35729
2019-12-10 09:03:57.657 [restartedMain] INFO  org.apache.coyote.http11.Http11NioProtocol - Starting ProtocolHandler ["http-nio-8080"]
2019-12-10 09:03:57.768 [restartedMain] INFO  o.s.boot.web.embedded.tomcat.TomcatWebServer - Tomcat started on port(s): 8080 (http) with context path ''
2019-12-10 09:03:57.773 [restartedMain] INFO  com.submit.WorkuploadApplication - Started WorkuploadApplication in 34.959 seconds (JVM running for 46.733)
2019-12-10 12:36:21.606 [restartedMain] INFO  com.submit.WorkuploadApplication - Starting WorkuploadApplication on Tarena-PC with PID 8536 (E:\workupload\target\classes started by Tarena in E:\workupload)
2019-12-10 12:36:21.608 [restartedMain] INFO  com.submit.WorkuploadApplication - The following profiles are active: upload
2019-12-10 12:36:21.771 [restartedMain] INFO  o.s.b.d.env.DevToolsPropertyDefaultsPostProcessor - Devtools property defaults active! Set 'spring.devtools.add-properties' to 'false' to disable
2019-12-10 12:36:21.771 [restartedMain] INFO  o.s.b.d.env.DevToolsPropertyDefaultsPostProcessor - For additional web related logging consider setting the 'logging.level.web' property to 'DEBUG'
2019-12-10 12:36:22.507 [restartedMain] INFO  o.s.c.s.PostProcessorRegistrationDelegate$BeanPostProcessorChecker - Bean 'shiroConfig' of type [com.submit.config.ShiroConfig$$EnhancerBySpringCGLIB$$3ad60ec4] is not eligible for getting processed by all BeanPostProcessors (for example: not eligible for auto-proxying)
2019-12-10 12:36:22.517 [restartedMain] INFO  o.s.c.s.PostProcessorRegistrationDelegate$BeanPostProcessorChecker - Bean 'org.springframework.transaction.annotation.ProxyTransactionManagementConfiguration' of type [org.springframework.transaction.annotation.ProxyTransactionManagementConfiguration$$EnhancerBySpringCGLIB$$aec48a2f] is not eligible for getting processed by all BeanPostProcessors (for example: not eligible for auto-proxying)
2019-12-10 12:36:22.565 [restartedMain] INFO  o.s.c.s.PostProcessorRegistrationDelegate$BeanPostProcessorChecker - Bean 'mybatis-org.mybatis.spring.boot.autoconfigure.MybatisProperties' of type [org.mybatis.spring.boot.autoconfigure.MybatisProperties] is not eligible for getting processed by all BeanPostProcessors (for example: not eligible for auto-proxying)
2019-12-10 12:36:22.572 [restartedMain] INFO  o.s.c.s.PostProcessorRegistrationDelegate$BeanPostProcessorChecker - Bean 'org.mybatis.spring.boot.autoconfigure.MybatisAutoConfiguration' of type [org.mybatis.spring.boot.autoconfigure.MybatisAutoConfiguration$$EnhancerBySpringCGLIB$$e198db5f] is not eligible for getting processed by all BeanPostProcessors (for example: not eligible for auto-proxying)
2019-12-10 12:36:22.579 [restartedMain] INFO  o.s.c.s.PostProcessorRegistrationDelegate$BeanPostProcessorChecker - Bean 'druidConfig' of type [com.submit.config.DruidConfig$$EnhancerBySpringCGLIB$$8f7c7235] is not eligible for getting processed by all BeanPostProcessors (for example: not eligible for auto-proxying)
2019-12-10 12:36:22.619 [restartedMain] INFO  o.s.c.s.PostProcessorRegistrationDelegate$BeanPostProcessorChecker - Bean 'dataSource' of type [com.alibaba.druid.pool.DruidDataSource] is not eligible for getting processed by all BeanPostProcessors (for example: not eligible for auto-proxying)
2019-12-10 12:36:22.637 [restartedMain] INFO  o.s.c.s.PostProcessorRegistrationDelegate$BeanPostProcessorChecker - Bean 'spring.datasource-org.springframework.boot.autoconfigure.jdbc.DataSourceProperties' of type [org.springframework.boot.autoconfigure.jdbc.DataSourceProperties] is not eligible for getting processed by all BeanPostProcessors (for example: not eligible for auto-proxying)
2019-12-10 12:36:22.641 [restartedMain] INFO  o.s.c.s.PostProcessorRegistrationDelegate$BeanPostProcessorChecker - Bean 'org.springframework.boot.autoconfigure.jdbc.DataSourceInitializerInvoker' of type [org.springframework.boot.autoconfigure.jdbc.DataSourceInitializerInvoker] is not eligible for getting processed by all BeanPostProcessors (for example: not eligible for auto-proxying)
2019-12-10 12:36:22.860 [restartedMain] INFO  o.s.c.s.PostProcessorRegistrationDelegate$BeanPostProcessorChecker - Bean 'sqlSessionFactory' of type [org.apache.ibatis.session.defaults.DefaultSqlSessionFactory] is not eligible for getting processed by all BeanPostProcessors (for example: not eligible for auto-proxying)
2019-12-10 12:36:22.865 [restartedMain] INFO  o.s.c.s.PostProcessorRegistrationDelegate$BeanPostProcessorChecker - Bean 'sqlSessionTemplate' of type [org.mybatis.spring.SqlSessionTemplate] is not eligible for getting processed by all BeanPostProcessors (for example: not eligible for auto-proxying)
2019-12-10 12:36:22.866 [restartedMain] INFO  o.s.c.s.PostProcessorRegistrationDelegate$BeanPostProcessorChecker - Bean 'studentMapper' of type [org.mybatis.spring.mapper.MapperFactoryBean] is not eligible for getting processed by all BeanPostProcessors (for example: not eligible for auto-proxying)
2019-12-10 12:36:22.868 [restartedMain] INFO  o.s.c.s.PostProcessorRegistrationDelegate$BeanPostProcessorChecker - Bean 'studentMapper' of type [com.sun.proxy.$Proxy63] is not eligible for getting processed by all BeanPostProcessors (for example: not eligible for auto-proxying)
2019-12-10 12:36:22.872 [restartedMain] INFO  o.s.c.s.PostProcessorRegistrationDelegate$BeanPostProcessorChecker - Bean 'teacherMapper' of type [org.mybatis.spring.mapper.MapperFactoryBean] is not eligible for getting processed by all BeanPostProcessors (for example: not eligible for auto-proxying)
2019-12-10 12:36:22.872 [restartedMain] INFO  o.s.c.s.PostProcessorRegistrationDelegate$BeanPostProcessorChecker - Bean 'teacherMapper' of type [com.sun.proxy.$Proxy65] is not eligible for getting processed by all BeanPostProcessors (for example: not eligible for auto-proxying)
2019-12-10 12:36:22.873 [restartedMain] INFO  o.s.c.s.PostProcessorRegistrationDelegate$BeanPostProcessorChecker - Bean 'userRealm' of type [com.submit.config.UserRealm] is not eligible for getting processed by all BeanPostProcessors (for example: not eligible for auto-proxying)
2019-12-10 12:36:23.121 [restartedMain] INFO  o.s.c.s.PostProcessorRegistrationDelegate$BeanPostProcessorChecker - Bean 'securityManager' of type [org.apache.shiro.web.mgt.DefaultWebSecurityManager] is not eligible for getting processed by all BeanPostProcessors (for example: not eligible for auto-proxying)
2019-12-10 12:36:23.428 [restartedMain] INFO  o.s.boot.web.embedded.tomcat.TomcatWebServer - Tomcat initialized with port(s): 80 (http)
2019-12-10 12:36:23.440 [restartedMain] INFO  org.apache.coyote.http11.Http11NioProtocol - Initializing ProtocolHandler ["http-nio-80"]
2019-12-10 12:36:23.449 [restartedMain] INFO  org.apache.catalina.core.StandardService - Starting service [Tomcat]
2019-12-10 12:36:23.449 [restartedMain] INFO  org.apache.catalina.core.StandardEngine - Starting Servlet engine: [Apache Tomcat/9.0.17]
2019-12-10 12:36:23.546 [restartedMain] INFO  o.a.c.core.ContainerBase.[Tomcat].[localhost].[/] - Initializing Spring embedded WebApplicationContext
2019-12-10 12:36:23.547 [restartedMain] INFO  org.springframework.web.context.ContextLoader - Root WebApplicationContext: initialization completed in 1776 ms
2019-12-10 12:36:23.793 [restartedMain] INFO  o.s.scheduling.concurrent.ThreadPoolTaskExecutor - Initializing ExecutorService 'applicationTaskExecutor'
2019-12-10 12:36:23.921 [restartedMain] INFO  o.s.b.a.web.servlet.WelcomePageHandlerMapping - Adding welcome page: class path resource [static/index.html]
2019-12-10 12:36:24.050 [restartedMain] INFO  o.s.b.d.autoconfigure.OptionalLiveReloadServer - LiveReload server is running on port 35729
2019-12-10 12:36:24.083 [restartedMain] INFO  org.apache.coyote.http11.Http11NioProtocol - Starting ProtocolHandler ["http-nio-80"]
2019-12-10 12:36:24.108 [restartedMain] INFO  o.s.boot.web.embedded.tomcat.TomcatWebServer - Tomcat started on port(s): 80 (http) with context path ''
2019-12-10 12:36:24.111 [restartedMain] INFO  com.submit.WorkuploadApplication - Started WorkuploadApplication in 2.986 seconds (JVM running for 3.708)
2019-12-10 12:39:13.309 [http-nio-80-exec-3] INFO  o.a.c.core.ContainerBase.[Tomcat].[localhost].[/] - Initializing Spring DispatcherServlet 'dispatcherServlet'
2019-12-10 12:39:13.309 [http-nio-80-exec-3] INFO  org.springframework.web.servlet.DispatcherServlet - Initializing Servlet 'dispatcherServlet'
2019-12-10 12:39:13.522 [http-nio-80-exec-3] INFO  org.springframework.web.servlet.DispatcherServlet - Completed initialization in 213 ms
2019-12-10 12:39:27.614 [http-nio-80-exec-6] INFO  com.alibaba.druid.pool.DruidDataSource - {dataSource-1} inited
2019-12-10 19:07:40.387 [restartedMain] INFO  com.submit.WorkuploadApplication - Starting WorkuploadApplication on Tarena-PC with PID 11480 (E:\workupload\target\classes started by Tarena in E:\workupload)
2019-12-10 19:07:40.389 [restartedMain] INFO  com.submit.WorkuploadApplication - The following profiles are active: upload
2019-12-10 19:07:40.424 [restartedMain] INFO  o.s.b.d.env.DevToolsPropertyDefaultsPostProcessor - Devtools property defaults active! Set 'spring.devtools.add-properties' to 'false' to disable
2019-12-10 19:07:40.425 [restartedMain] INFO  o.s.b.d.env.DevToolsPropertyDefaultsPostProcessor - For additional web related logging consider setting the 'logging.level.web' property to 'DEBUG'
2019-12-10 19:07:41.335 [restartedMain] INFO  o.s.c.s.PostProcessorRegistrationDelegate$BeanPostProcessorChecker - Bean 'shiroConfig' of type [com.submit.config.ShiroConfig$$EnhancerBySpringCGLIB$$a144de6d] is not eligible for getting processed by all BeanPostProcessors (for example: not eligible for auto-proxying)
2019-12-10 19:07:41.344 [restartedMain] INFO  o.s.c.s.PostProcessorRegistrationDelegate$BeanPostProcessorChecker - Bean 'org.springframework.transaction.annotation.ProxyTransactionManagementConfiguration' of type [org.springframework.transaction.annotation.ProxyTransactionManagementConfiguration$$EnhancerBySpringCGLIB$$153359d8] is not eligible for getting processed by all BeanPostProcessors (for example: not eligible for auto-proxying)
2019-12-10 19:07:41.395 [restartedMain] INFO  o.s.c.s.PostProcessorRegistrationDelegate$BeanPostProcessorChecker - Bean 'mybatis-org.mybatis.spring.boot.autoconfigure.MybatisProperties' of type [org.mybatis.spring.boot.autoconfigure.MybatisProperties] is not eligible for getting processed by all BeanPostProcessors (for example: not eligible for auto-proxying)
2019-12-10 19:07:41.401 [restartedMain] INFO  o.s.c.s.PostProcessorRegistrationDelegate$BeanPostProcessorChecker - Bean 'org.mybatis.spring.boot.autoconfigure.MybatisAutoConfiguration' of type [org.mybatis.spring.boot.autoconfigure.MybatisAutoConfiguration$$EnhancerBySpringCGLIB$$4807ab08] is not eligible for getting processed by all BeanPostProcessors (for example: not eligible for auto-proxying)
2019-12-10 19:07:41.411 [restartedMain] INFO  o.s.c.s.PostProcessorRegistrationDelegate$BeanPostProcessorChecker - Bean 'druidConfig' of type [com.submit.config.DruidConfig$$EnhancerBySpringCGLIB$$f5eb41de] is not eligible for getting processed by all BeanPostProcessors (for example: not eligible for auto-proxying)
2019-12-10 19:07:41.452 [restartedMain] INFO  o.s.c.s.PostProcessorRegistrationDelegate$BeanPostProcessorChecker - Bean 'dataSource' of type [com.alibaba.druid.pool.DruidDataSource] is not eligible for getting processed by all BeanPostProcessors (for example: not eligible for auto-proxying)
2019-12-10 19:07:41.470 [restartedMain] INFO  o.s.c.s.PostProcessorRegistrationDelegate$BeanPostProcessorChecker - Bean 'spring.datasource-org.springframework.boot.autoconfigure.jdbc.DataSourceProperties' of type [org.springframework.boot.autoconfigure.jdbc.DataSourceProperties] is not eligible for getting processed by all BeanPostProcessors (for example: not eligible for auto-proxying)
2019-12-10 19:07:41.474 [restartedMain] INFO  o.s.c.s.PostProcessorRegistrationDelegate$BeanPostProcessorChecker - Bean 'org.springframework.boot.autoconfigure.jdbc.DataSourceInitializerInvoker' of type [org.springframework.boot.autoconfigure.jdbc.DataSourceInitializerInvoker] is not eligible for getting processed by all BeanPostProcessors (for example: not eligible for auto-proxying)
2019-12-10 19:07:41.652 [restartedMain] INFO  o.s.c.s.PostProcessorRegistrationDelegate$BeanPostProcessorChecker - Bean 'sqlSessionFactory' of type [org.apache.ibatis.session.defaults.DefaultSqlSessionFactory] is not eligible for getting processed by all BeanPostProcessors (for example: not eligible for auto-proxying)
2019-12-10 19:07:41.657 [restartedMain] INFO  o.s.c.s.PostProcessorRegistrationDelegate$BeanPostProcessorChecker - Bean 'sqlSessionTemplate' of type [org.mybatis.spring.SqlSessionTemplate] is not eligible for getting processed by all BeanPostProcessors (for example: not eligible for auto-proxying)
2019-12-10 19:07:41.658 [restartedMain] INFO  o.s.c.s.PostProcessorRegistrationDelegate$BeanPostProcessorChecker - Bean 'studentMapper' of type [org.mybatis.spring.mapper.MapperFactoryBean] is not eligible for getting processed by all BeanPostProcessors (for example: not eligible for auto-proxying)
2019-12-10 19:07:41.660 [restartedMain] INFO  o.s.c.s.PostProcessorRegistrationDelegate$BeanPostProcessorChecker - Bean 'studentMapper' of type [com.sun.proxy.$Proxy63] is not eligible for getting processed by all BeanPostProcessors (for example: not eligible for auto-proxying)
2019-12-10 19:07:41.663 [restartedMain] INFO  o.s.c.s.PostProcessorRegistrationDelegate$BeanPostProcessorChecker - Bean 'teacherMapper' of type [org.mybatis.spring.mapper.MapperFactoryBean] is not eligible for getting processed by all BeanPostProcessors (for example: not eligible for auto-proxying)
2019-12-10 19:07:41.663 [restartedMain] INFO  o.s.c.s.PostProcessorRegistrationDelegate$BeanPostProcessorChecker - Bean 'teacherMapper' of type [com.sun.proxy.$Proxy65] is not eligible for getting processed by all BeanPostProcessors (for example: not eligible for auto-proxying)
2019-12-10 19:07:41.664 [restartedMain] INFO  o.s.c.s.PostProcessorRegistrationDelegate$BeanPostProcessorChecker - Bean 'userRealm' of type [com.submit.config.UserRealm] is not eligible for getting processed by all BeanPostProcessors (for example: not eligible for auto-proxying)
2019-12-10 19:07:41.893 [restartedMain] INFO  o.s.c.s.PostProcessorRegistrationDelegate$BeanPostProcessorChecker - Bean 'securityManager' of type [org.apache.shiro.web.mgt.DefaultWebSecurityManager] is not eligible for getting processed by all BeanPostProcessors (for example: not eligible for auto-proxying)
2019-12-10 19:07:42.198 [restartedMain] INFO  o.s.boot.web.embedded.tomcat.TomcatWebServer - Tomcat initialized with port(s): 80 (http)
2019-12-10 19:07:42.211 [restartedMain] INFO  org.apache.coyote.http11.Http11NioProtocol - Initializing ProtocolHandler ["http-nio-80"]
2019-12-10 19:07:42.218 [restartedMain] INFO  org.apache.catalina.core.StandardService - Starting service [Tomcat]
2019-12-10 19:07:42.218 [restartedMain] INFO  org.apache.catalina.core.StandardEngine - Starting Servlet engine: [Apache Tomcat/9.0.17]
2019-12-10 19:07:42.307 [restartedMain] INFO  o.a.c.core.ContainerBase.[Tomcat].[localhost].[/] - Initializing Spring embedded WebApplicationContext
2019-12-10 19:07:42.307 [restartedMain] INFO  org.springframework.web.context.ContextLoader - Root WebApplicationContext: initialization completed in 1882 ms
2019-12-10 19:07:42.559 [restartedMain] INFO  o.s.scheduling.concurrent.ThreadPoolTaskExecutor - Initializing ExecutorService 'applicationTaskExecutor'
2019-12-10 19:07:42.677 [restartedMain] INFO  o.s.b.a.web.servlet.WelcomePageHandlerMapping - Adding welcome page: class path resource [static/index.html]
2019-12-10 19:07:42.813 [restartedMain] INFO  o.s.b.d.autoconfigure.OptionalLiveReloadServer - LiveReload server is running on port 35729
2019-12-10 19:07:42.840 [restartedMain] INFO  org.apache.coyote.http11.Http11NioProtocol - Starting ProtocolHandler ["http-nio-80"]
2019-12-10 19:07:42.861 [restartedMain] INFO  o.s.boot.web.embedded.tomcat.TomcatWebServer - Tomcat started on port(s): 80 (http) with context path ''
2019-12-10 19:07:42.864 [restartedMain] INFO  com.submit.WorkuploadApplication - Started WorkuploadApplication in 2.917 seconds (JVM running for 3.577)
2019-12-10 19:09:01.580 [http-nio-80-exec-1] INFO  o.a.c.core.ContainerBase.[Tomcat].[localhost].[/] - Initializing Spring DispatcherServlet 'dispatcherServlet'
2019-12-10 19:09:01.580 [http-nio-80-exec-1] INFO  org.springframework.web.servlet.DispatcherServlet - Initializing Servlet 'dispatcherServlet'
2019-12-10 19:09:01.588 [http-nio-80-exec-1] INFO  org.springframework.web.servlet.DispatcherServlet - Completed initialization in 8 ms
2019-12-10 19:09:10.936 [http-nio-80-exec-4] INFO  com.alibaba.druid.pool.DruidDataSource - {dataSource-1} inited
2019-12-10 19:09:11.090 [http-nio-80-exec-5] INFO  com.submit.config.UserRealm - 执行逻辑授权
2019-12-10 19:09:23.895 [http-nio-80-exec-2] INFO  com.submit.config.UserRealm - 执行逻辑授权
2019-12-10 19:09:26.601 [http-nio-80-exec-2] INFO  com.submit.config.UserRealm - 执行逻辑授权
2019-12-10 19:09:27.613 [http-nio-80-exec-5] INFO  com.submit.config.UserRealm - 执行逻辑授权
2019-12-10 19:09:41.695 [http-nio-80-exec-3] INFO  com.submit.config.UserRealm - 执行逻辑授权
2019-12-10 19:09:44.631 [http-nio-80-exec-2] INFO  com.submit.config.UserRealm - 执行逻辑授权
2019-12-10 19:09:50.056 [http-nio-80-exec-8] INFO  com.submit.config.UserRealm - 执行逻辑授权
2019-12-10 19:09:50.514 [http-nio-80-exec-7] INFO  com.submit.config.UserRealm - 执行逻辑授权
2019-12-10 19:09:50.618 [http-nio-80-exec-3] INFO  com.submit.config.UserRealm - 执行逻辑授权
2019-12-10 19:09:50.698 [http-nio-80-exec-5] INFO  com.submit.config.UserRealm - 执行逻辑授权
2019-12-10 19:10:57.399 [http-nio-80-exec-1] INFO  com.submit.config.UserRealm - 执行逻辑授权
2019-12-10 19:10:57.456 [http-nio-80-exec-10] INFO  com.submit.config.UserRealm - 执行逻辑授权
2019-12-10 19:10:57.516 [http-nio-80-exec-10] INFO  com.submit.config.UserRealm - 执行逻辑授权
2019-12-10 19:10:59.358 [http-nio-80-exec-9] INFO  com.submit.config.UserRealm - 执行逻辑授权
2019-12-10 19:10:59.430 [http-nio-80-exec-10] INFO  com.submit.config.UserRealm - 执行逻辑授权
2019-12-10 19:11:00.673 [http-nio-80-exec-10] INFO  com.submit.config.UserRealm - 执行逻辑授权
2019-12-10 19:11:00.766 [http-nio-80-exec-3] INFO  com.submit.config.UserRealm - 执行逻辑授权
2019-12-10 19:11:00.781 [http-nio-80-exec-8] INFO  com.submit.config.UserRealm - 执行逻辑授权
2019-12-10 19:11:00.839 [http-nio-80-exec-10] INFO  com.submit.config.UserRealm - 执行逻辑授权
2019-12-10 19:11:01.844 [http-nio-80-exec-4] INFO  com.submit.config.UserRealm - 执行逻辑授权
2019-12-10 19:11:01.974 [http-nio-80-exec-6] INFO  com.submit.config.UserRealm - 执行逻辑授权
2019-12-10 19:12:41.277 [http-nio-80-exec-4] INFO  com.submit.config.UserRealm - 执行逻辑授权
2019-12-10 19:12:45.954 [http-nio-80-exec-4] INFO  com.submit.config.UserRealm - 执行逻辑授权
2019-12-10 19:12:46.122 [http-nio-80-exec-1] INFO  com.submit.config.UserRealm - 执行逻辑授权
2019-12-10 19:12:46.125 [http-nio-80-exec-1] INFO  com.submit.controller.teacherUserController - 1998000011
2019-12-10 19:13:16.335 [http-nio-80-exec-7] INFO  com.submit.config.UserRealm - 执行逻辑授权
2019-12-10 19:14:12.816 [http-nio-80-exec-3] INFO  com.submit.config.UserRealm - 执行逻辑授权
2019-12-10 19:14:12.922 [http-nio-80-exec-6] INFO  com.submit.config.UserRealm - 执行逻辑授权
2019-12-10 19:14:47.925 [http-nio-80-exec-3] INFO  com.submit.config.UserRealm - 执行逻辑授权
2019-12-10 19:14:53.074 [http-nio-80-exec-8] INFO  com.submit.config.UserRealm - 执行逻辑授权
2019-12-10 19:15:01.854 [http-nio-80-exec-2] INFO  com.submit.config.UserRealm - 执行逻辑授权
2019-12-10 19:15:03.144 [http-nio-80-exec-8] INFO  com.submit.config.UserRealm - 执行逻辑授权
2019-12-10 19:15:06.639 [http-nio-80-exec-9] INFO  com.submit.config.UserRealm - 执行逻辑授权
2019-12-10 19:15:08.855 [http-nio-80-exec-9] INFO  com.submit.config.UserRealm - 执行逻辑授权
2019-12-10 19:15:33.320 [http-nio-80-exec-5] INFO  com.submit.config.UserRealm - 执行逻辑授权
2019-12-10 19:15:34.615 [http-nio-80-exec-7] INFO  com.submit.config.UserRealm - 执行逻辑授权
2019-12-10 19:15:34.991 [http-nio-80-exec-2] INFO  com.submit.config.UserRealm - 执行逻辑授权
2019-12-10 19:15:35.927 [http-nio-80-exec-8] INFO  com.submit.config.UserRealm - 执行逻辑授权
2019-12-10 19:15:42.143 [http-nio-80-exec-8] INFO  com.submit.config.UserRealm - 执行逻辑授权
2019-12-10 19:15:51.295 [http-nio-80-exec-9] INFO  com.submit.config.UserRealm - 执行逻辑授权
2019-12-10 19:15:55.810 [http-nio-80-exec-8] INFO  com.submit.config.UserRealm - 执行逻辑授权
2019-12-10 19:15:55.900 [http-nio-80-exec-9] INFO  com.submit.config.UserRealm - 执行逻辑授权
2019-12-10 19:15:59.274 [http-nio-80-exec-2] INFO  com.submit.config.UserRealm - 执行逻辑授权
2019-12-10 19:22:57.375 [http-nio-80-exec-1] INFO  com.submit.config.UserRealm - 执行逻辑授权
2019-12-10 19:22:57.503 [http-nio-80-exec-5] INFO  com.submit.config.UserRealm - 执行逻辑授权
2019-12-10 19:22:57.510 [http-nio-80-exec-5] INFO  com.submit.controller.teacherUserController - 1998000011
2019-12-10 19:23:22.381 [http-nio-80-exec-1] INFO  com.submit.config.UserRealm - 执行逻辑授权
2019-12-10 19:23:23.661 [http-nio-80-exec-9] INFO  com.submit.config.UserRealm - 执行逻辑授权
2019-12-10 19:23:23.914 [http-nio-80-exec-4] INFO  com.submit.config.UserRealm - 执行逻辑授权
2019-12-10 19:23:24.099 [http-nio-80-exec-6] INFO  com.submit.config.UserRealm - 执行逻辑授权
2019-12-10 19:23:31.374 [http-nio-80-exec-8] INFO  com.submit.config.UserRealm - 执行逻辑授权
2019-12-10 19:23:51.389 [http-nio-80-exec-6] INFO  com.submit.config.UserRealm - 执行逻辑授权
2019-12-10 19:23:52.802 [http-nio-80-exec-7] INFO  com.submit.config.UserRealm - 执行逻辑授权
2019-12-10 19:23:52.929 [http-nio-80-exec-5] INFO  com.submit.config.UserRealm - 执行逻辑授权
2019-12-10 19:23:52.931 [http-nio-80-exec-5] INFO  com.submit.controller.teacherUserController - 1998000011
2019-12-10 19:24:00.689 [http-nio-80-exec-3] INFO  com.submit.config.UserRealm - 执行逻辑授权
2019-12-10 19:24:00.743 [http-nio-80-exec-5] INFO  com.submit.config.UserRealm - 执行逻辑授权
2019-12-10 19:24:00.756 [http-nio-80-exec-2] INFO  com.submit.config.UserRealm - 执行逻辑授权
2019-12-10 19:24:00.818 [http-nio-80-exec-3] INFO  com.submit.config.UserRealm - 执行逻辑授权
2019-12-10 19:24:02.430 [http-nio-80-exec-8] INFO  com.submit.config.UserRealm - 执行逻辑授权
2019-12-10 19:24:02.486 [http-nio-80-exec-3] INFO  com.submit.config.UserRealm - 执行逻辑授权
2019-12-10 19:24:10.608 [http-nio-80-exec-8] INFO  com.submit.config.UserRealm - 执行逻辑授权
2019-12-10 19:24:10.657 [http-nio-80-exec-6] INFO  com.submit.config.UserRealm - 执行逻辑授权
2019-12-10 19:24:10.709 [http-nio-80-exec-6] INFO  com.submit.config.UserRealm - 执行逻辑授权
2019-12-10 19:24:17.340 [http-nio-80-exec-1] INFO  com.submit.config.UserRealm - 执行逻辑授权
2019-12-10 19:24:17.448 [http-nio-80-exec-9] INFO  com.submit.config.UserRealm - 执行逻辑授权
2019-12-10 19:24:17.450 [http-nio-80-exec-9] INFO  com.submit.controller.teacherUserController - 1998000011
2019-12-10 19:24:18.431 [http-nio-80-exec-6] INFO  com.submit.config.UserRealm - 执行逻辑授权
2019-12-10 19:24:18.514 [http-nio-80-exec-10] INFO  com.submit.config.UserRealm - 执行逻辑授权
2019-12-10 19:24:19.835 [http-nio-80-exec-8] INFO  com.submit.config.UserRealm - 执行逻辑授权
2019-12-10 19:24:22.289 [http-nio-80-exec-8] INFO  com.submit.config.UserRealm - 执行逻辑授权
2019-12-10 19:24:23.736 [http-nio-80-exec-3] INFO  com.submit.config.UserRealm - 执行逻辑授权
2019-12-10 19:24:23.822 [http-nio-80-exec-2] INFO  com.submit.config.UserRealm - 执行逻辑授权
2019-12-10 19:24:35.632 [http-nio-80-exec-5] INFO  com.submit.config.UserRealm - 执行逻辑授权
2019-12-10 19:24:45.864 [http-nio-80-exec-8] INFO  com.submit.config.UserRealm - 执行逻辑授权
2019-12-10 19:24:45.966 [http-nio-80-exec-9] INFO  com.submit.config.UserRealm - 执行逻辑授权
2019-12-10 19:24:45.968 [http-nio-80-exec-9] INFO  com.submit.controller.teacherUserController - 1998000011
2019-12-10 19:24:48.329 [http-nio-80-exec-10] INFO  com.submit.config.UserRealm - 执行逻辑授权
2019-12-10 19:26:24.569 [http-nio-80-exec-2] INFO  com.submit.config.UserRealm - 执行逻辑授权
2019-12-10 19:26:25.888 [http-nio-80-exec-1] INFO  com.submit.config.UserRealm - 执行逻辑授权
2019-12-10 19:26:25.990 [http-nio-80-exec-9] INFO  com.submit.config.UserRealm - 执行逻辑授权
2019-12-10 19:26:25.992 [http-nio-80-exec-9] INFO  com.submit.controller.teacherUserController - 123456
2019-12-10 19:26:34.549 [http-nio-80-exec-7] INFO  com.submit.config.UserRealm - 执行逻辑授权
2019-12-10 19:26:45.391 [http-nio-80-exec-1] INFO  com.submit.config.UserRealm - 执行逻辑授权
2019-12-10 19:26:46.623 [http-nio-80-exec-7] INFO  com.submit.config.UserRealm - 执行逻辑授权
2019-12-10 19:26:46.715 [http-nio-80-exec-5] INFO  com.submit.config.UserRealm - 执行逻辑授权
2019-12-10 19:26:46.717 [http-nio-80-exec-5] INFO  com.submit.controller.teacherUserController - 123456
2019-12-10 19:26:46.717 [http-nio-80-exec-5] INFO  com.submit.controller.teacherUserController - 9527
2019-12-10 19:27:58.858 [http-nio-80-exec-1] INFO  com.submit.config.UserRealm - 执行逻辑授权
2019-12-10 19:27:59.922 [http-nio-80-exec-2] INFO  com.submit.config.UserRealm - 执行逻辑授权
2019-12-10 19:28:00.006 [http-nio-80-exec-4] INFO  com.submit.config.UserRealm - 执行逻辑授权
2019-12-10 19:28:03.851 [http-nio-80-exec-5] INFO  com.submit.config.UserRealm - 执行逻辑授权
2019-12-10 19:28:04.278 [http-nio-80-exec-3] INFO  com.submit.config.UserRealm - 执行逻辑授权
2019-12-10 19:28:04.322 [http-nio-80-exec-8] INFO  com.submit.config.UserRealm - 执行逻辑授权
2019-12-10 19:28:04.328 [http-nio-80-exec-8] INFO  com.submit.service.teacherService - 2018-2019-2 2018-2019-2 2018 12 2 2019
2019-12-10 19:28:04.328 [http-nio-80-exec-8] INFO  com.submit.service.teacherService - 2018-2019-2 2018-2019-2 2018 12 2 2019
2019-12-10 19:28:04.328 [http-nio-80-exec-8] INFO  com.submit.service.teacherService - 2018-2019-2 2018-2019-2 2018 12 2 2019
2019-12-10 19:28:04.328 [http-nio-80-exec-8] INFO  com.submit.service.teacherService - 2018-2019-1 2018-2019-1 2018 12 1 2019
2019-12-10 19:28:04.396 [http-nio-80-exec-10] INFO  com.submit.config.UserRealm - 执行逻辑授权
2019-12-10 19:28:05.172 [http-nio-80-exec-3] INFO  com.submit.config.UserRealm - 执行逻辑授权
2019-12-10 19:28:05.218 [http-nio-80-exec-7] INFO  com.submit.config.UserRealm - 执行逻辑授权
2019-12-10 19:28:05.222 [http-nio-80-exec-7] INFO  com.submit.service.teacherService - 2018-2019-2 2018-2019-2 2018 12 2 2019
2019-12-10 19:28:05.222 [http-nio-80-exec-7] INFO  com.submit.service.teacherService - 2018-2019-2 2018-2019-2 2018 12 2 2019
2019-12-10 19:28:05.222 [http-nio-80-exec-7] INFO  com.submit.service.teacherService - 2018-2019-2 2018-2019-2 2018 12 2 2019
2019-12-10 19:28:05.222 [http-nio-80-exec-7] INFO  com.submit.service.teacherService - 2018-2019-1 2018-2019-1 2018 12 1 2019
2019-12-10 19:28:05.273 [http-nio-80-exec-7] INFO  com.submit.config.UserRealm - 执行逻辑授权
2019-12-10 19:28:06.473 [http-nio-80-exec-1] INFO  com.submit.config.UserRealm - 执行逻辑授权
2019-12-10 19:28:06.526 [http-nio-80-exec-7] INFO  com.submit.config.UserRealm - 执行逻辑授权
2019-12-10 19:28:06.530 [http-nio-80-exec-7] INFO  com.submit.service.teacherService - 2018-2019-2 2018-2019-2 2018 12 2 2019
2019-12-10 19:28:06.530 [http-nio-80-exec-7] INFO  com.submit.service.teacherService - 2018-2019-2 2018-2019-2 2018 12 2 2019
2019-12-10 19:28:06.530 [http-nio-80-exec-7] INFO  com.submit.service.teacherService - 2018-2019-2 2018-2019-2 2018 12 2 2019
2019-12-10 19:28:06.530 [http-nio-80-exec-7] INFO  com.submit.service.teacherService - 2018-2019-1 2018-2019-1 2018 12 1 2019
2019-12-10 19:28:06.942 [http-nio-80-exec-7] INFO  com.submit.config.UserRealm - 执行逻辑授权
2019-12-10 19:28:06.977 [http-nio-80-exec-4] INFO  com.submit.config.UserRealm - 执行逻辑授权
2019-12-10 19:28:06.980 [http-nio-80-exec-4] INFO  com.submit.service.teacherService - 2018-2019-2 2018-2019-2 2018 12 2 2019
2019-12-10 19:28:06.980 [http-nio-80-exec-4] INFO  com.submit.service.teacherService - 2018-2019-2 2018-2019-2 2018 12 2 2019
2019-12-10 19:28:06.981 [http-nio-80-exec-4] INFO  com.submit.service.teacherService - 2018-2019-2 2018-2019-2 2018 12 2 2019
2019-12-10 19:28:06.981 [http-nio-80-exec-4] INFO  com.submit.service.teacherService - 2018-2019-1 2018-2019-1 2018 12 1 2019
2019-12-10 19:28:06.990 [http-nio-80-exec-8] INFO  com.submit.config.UserRealm - 执行逻辑授权
2019-12-10 19:28:07.042 [http-nio-80-exec-8] INFO  com.submit.config.UserRealm - 执行逻辑授权
2019-12-10 19:28:07.596 [http-nio-80-exec-10] INFO  com.submit.config.UserRealm - 执行逻辑授权
2019-12-10 19:28:11.421 [http-nio-80-exec-8] INFO  com.submit.config.UserRealm - 执行逻辑授权
2019-12-10 19:28:12.613 [http-nio-80-exec-2] INFO  com.submit.config.UserRealm - 执行逻辑授权
2019-12-10 19:28:19.426 [http-nio-80-exec-6] INFO  com.submit.config.UserRealm - 执行逻辑授权
2019-12-10 19:28:20.202 [http-nio-80-exec-6] INFO  com.submit.config.UserRealm - 执行逻辑授权
2019-12-10 19:28:20.299 [http-nio-80-exec-5] INFO  com.submit.config.UserRealm - 执行逻辑授权
2019-12-10 19:28:20.885 [http-nio-80-exec-4] INFO  com.submit.config.UserRealm - 执行逻辑授权
2019-12-10 19:28:20.977 [http-nio-80-exec-3] INFO  com.submit.config.UserRealm - 执行逻辑授权
2019-12-10 19:28:20.979 [http-nio-80-exec-3] INFO  com.submit.controller.teacherUserController - 123456
2019-12-10 19:28:20.979 [http-nio-80-exec-3] INFO  com.submit.controller.teacherUserController - 9527
2019-12-10 19:28:21.928 [http-nio-80-exec-6] INFO  com.submit.config.UserRealm - 执行逻辑授权
2019-12-10 19:28:23.515 [http-nio-80-exec-3] INFO  com.submit.config.UserRealm - 执行逻辑授权
